<?xml version="1.0" encoding="UTF-8"?>
<!-- Generated by org.testng.reporters.JUnitReportReporter -->
<testsuite skipped="0" hostname="DESKTOP-R0QK2O8" name="com.mercuryTravel.utils.TestDataProvider" tests="3" failures="0" timestamp="30 Dec 2018 16:50:33 GMT" time="0.041" errors="0">
  <testcase name="printTestData" time="0.012" classname="com.mercuryTravel.utils.TestDataProvider"/>
  <testcase name="printTestData" time="0.026" classname="com.mercuryTravel.utils.TestDataProvider"/>
  <testcase name="printTestData" time="0.003" classname="com.mercuryTravel.utils.TestDataProvider"/>
</testsuite> <!-- com.mercuryTravel.utils.TestDataProvider -->
