<?xml version="1.0" encoding="UTF-8"?>
<!-- Generated by org.testng.reporters.JUnitReportReporter -->
<testsuite skipped="0" hostname="DESKTOP-R0QK2O8" name="designPattern.DemoAmazonPageFactoryStyle" tests="1" failures="0" timestamp="23 Dec 2018 16:37:31 GMT" time="9.356" errors="0">
  <testcase name="verifySearchProduct" time="9.356" classname="designPattern.DemoAmazonPageFactoryStyle"/>
</testsuite> <!-- designPattern.DemoAmazonPageFactoryStyle -->
