<?xml version="1.0" encoding="UTF-8"?>
<!-- Generated by org.testng.reporters.JUnitReportReporter -->
<testsuite skipped="0" hostname="DESKTOP-R0QK2O8" name="com.mercuryTravel.tests.HomepageTests" tests="1" failures="0" timestamp="23 Dec 2018 17:53:32 GMT" time="4.267" errors="0">
  <testcase name="verifyUserLoginToMercureyTravel" time="4.267" classname="com.mercuryTravel.tests.HomepageTests"/>
</testsuite> <!-- com.mercuryTravel.tests.HomepageTests -->
